<?xml version="1.0" encoding="UTF-8"?>
<testsuite name="DollarCalculatorTest" tests="1" skipped="0" failures="0" errors="0" timestamp="2022-10-12T08:31:40" hostname="KHS" time="0.414">
  <properties/>
  <testcase name="mockTest()" classname="DollarCalculatorTest" time="0.414"/>
  <system-out><![CDATA[60000
]]></system-out>
  <system-err><![CDATA[]]></system-err>
</testsuite>
